<?xml version="1.0" encoding="UTF-8"?>
<testng-results ignored="0" total="1" passed="1" failed="0" skipped="0">
  <reporter-output>
  </reporter-output>
  <suite started-at="2023-12-10T22:17:15 IST" name="Suite" finished-at="2023-12-10T22:17:22 IST" duration-ms="7075">
    <groups>
    </groups>
    <test started-at="2023-12-10T22:17:15 IST" name="Test_Chrome" finished-at="2023-12-10T22:17:22 IST" duration-ms="7075">
      <class name="testcase.logintest">
        <test-method is-config="true" signature="setUp()[pri:0, instance:testcase.logintest@5ddeb7cb]" started-at="2023-12-10T22:17:16 IST" name="setUp" finished-at="2023-12-10T22:17:20 IST" duration-ms="3385" status="PASS">
          <reporter-output>
          </reporter-output>
        </test-method> <!-- setUp -->
        <test-method signature="LoginTest(java.lang.String,java.lang.String)[pri:0, instance:testcase.logintest@5ddeb7cb]" started-at="2023-12-10T22:17:20 IST" name="LoginTest" data-provider="testdata" finished-at="2023-12-10T22:17:22 IST" duration-ms="2401" status="PASS">
          <params>
            <param index="0">
              <value>
                <![CDATA[admin]]>
              </value>
            </param>
            <param index="1">
              <value>
                <![CDATA[123456]]>
              </value>
            </param>
          </params>
          <reporter-output>
          </reporter-output>
        </test-method> <!-- LoginTest -->
        <test-method is-config="true" signature="takeScreenshotOnFailure(org.testng.ITestResult)[pri:0, instance:testcase.logintest@5ddeb7cb]" started-at="2023-12-10T22:17:22 IST" name="takeScreenshotOnFailure" finished-at="2023-12-10T22:17:22 IST" duration-ms="227" status="PASS">
          <params>
            <param index="0">
              <value>
                <![CDATA[[TestResult name=LoginTest status=SUCCESS method=logintest.LoginTest(java.lang.String,java.lang.String)[pri:0, instance:testcase.logintest@5ddeb7cb] output={null}]]]>
              </value>
            </param>
          </params>
          <reporter-output>
          </reporter-output>
        </test-method> <!-- takeScreenshotOnFailure -->
      </class> <!-- testcase.logintest -->
    </test> <!-- Test_Chrome -->
  </suite> <!-- Suite -->
</testng-results>
