<?xml version="1.0" encoding="UTF-8"?>
<testng-results ignored="0" total="2" passed="2" failed="0" skipped="0">
  <reporter-output>
  </reporter-output>
  <suite started-at="2023-12-08T21:14:49 IST" name="Default suite" finished-at="2023-12-08T21:15:47 IST" duration-ms="58924">
    <groups>
    </groups>
    <test started-at="2023-12-08T21:14:49 IST" name="Default test" finished-at="2023-12-08T21:15:47 IST" duration-ms="58924">
      <class name="testcase.employeetest">
        <test-method is-config="true" signature="setUp()[pri:0, instance:testcase.employeetest@6572421]" started-at="2023-12-08T21:14:50 IST" name="setUp" finished-at="2023-12-08T21:15:37 IST" duration-ms="47392" status="PASS">
          <reporter-output>
          </reporter-output>
        </test-method> <!-- setUp -->
        <test-method signature="LoginTest(java.lang.String,java.lang.String)[pri:0, instance:testcase.employeetest@6572421]" started-at="2023-12-08T21:15:37 IST" name="LoginTest" data-provider="testdata" finished-at="2023-12-08T21:15:37 IST" duration-ms="273" status="PASS">
          <params>
            <param index="0">
              <value>
                <![CDATA[admin]]>
              </value>
            </param>
            <param index="1">
              <value>
                <![CDATA[123456]]>
              </value>
            </param>
          </params>
          <reporter-output>
          </reporter-output>
        </test-method> <!-- LoginTest -->
        <test-method is-config="true" signature="takeScreenshotOnFailure(org.testng.ITestResult)[pri:0, instance:testcase.employeetest@6572421]" started-at="2023-12-08T21:15:37 IST" name="takeScreenshotOnFailure" finished-at="2023-12-08T21:15:38 IST" duration-ms="271" status="PASS">
          <params>
            <param index="0">
              <value>
                <![CDATA[[TestResult name=LoginTest status=SUCCESS method=employeetest.LoginTest(java.lang.String,java.lang.String)[pri:0, instance:testcase.employeetest@6572421] output={null}]]]>
              </value>
            </param>
          </params>
          <reporter-output>
          </reporter-output>
        </test-method> <!-- takeScreenshotOnFailure -->
        <test-method is-config="true" signature="setUp()[pri:0, instance:testcase.employeetest@6572421]" started-at="2023-12-08T21:15:38 IST" name="setUp" finished-at="2023-12-08T21:15:40 IST" duration-ms="2429" status="PASS">
          <reporter-output>
          </reporter-output>
        </test-method> <!-- setUp -->
        <test-method signature="EmployeeDetails(java.lang.String,java.lang.String,java.lang.String,java.lang.String,java.lang.String,java.lang.String,java.lang.String,java.lang.String,java.lang.String,java.lang.String,java.lang.String,java.lang.String,java.lang.String,java.lang.String,java.lang.String,java.lang.String,java.lang.String,java.lang.String,java.lang.String,java.lang.String,java.lang.String)[pri:0, instance:testcase.employeetest@6572421]" started-at="2023-12-08T21:15:40 IST" name="EmployeeDetails" data-provider="testdata" finished-at="2023-12-08T21:15:47 IST" depends-on-methods="testcase.employeetest.LoginTest" duration-ms="7084" status="PASS">
          <params>
            <param index="0">
              <value>
                <![CDATA[admin]]>
              </value>
            </param>
            <param index="1">
              <value>
                <![CDATA[123456]]>
              </value>
            </param>
            <param index="2">
              <value>
                <![CDATA[ragvas]]>
              </value>
            </param>
            <param index="3">
              <value>
                <![CDATA[T.G]]>
              </value>
            </param>
            <param index="4">
              <value>
                <![CDATA[4567]]>
              </value>
            </param>
            <param index="5">
              <value>
                <![CDATA[10-May-20]]>
              </value>
            </param>
            <param index="6">
              <value>
                <![CDATA[CRROTHRM]]>
              </value>
            </param>
            <param index="7">
              <value>
                <![CDATA[Chennai Branch]]>
              </value>
            </param>
            <param index="8">
              <value>
                <![CDATA[Accounts and Finances]]>
              </value>
            </param>
            <param index="9">
              <value>
                <![CDATA[Developer]]>
              </value>
            </param>
            <param index="10">
              <value>
                <![CDATA[ramtg]]>
              </value>
            </param>
            <param index="11">
              <value>
                <![CDATA[ramtg@gmail.com]]>
              </value>
            </param>
            <param index="12">
              <value>
                <![CDATA[Male]]>
              </value>
            </param>
            <param index="13">
              <value>
                <![CDATA[Morning Shift]]>
              </value>
            </param>
            <param index="14">
              <value>
                <![CDATA[25-Dec-90]]>
              </value>
            </param>
            <param index="15">
              <value>
                <![CDATA[111222]]>
              </value>
            </param>
            <param index="16">
              <value>
                <![CDATA[abcbca]]>
              </value>
            </param>
            <param index="17">
              <value>
                <![CDATA[abcbca]]>
              </value>
            </param>
            <param index="18">
              <value>
                <![CDATA[Test_MJ_02]]>
              </value>
            </param>
            <param index="19">
              <value>
                <![CDATA[Casual Leave]]>
              </value>
            </param>
            <param index="20">
              <value>
                <![CDATA[Trivandrum,Kerala]]>
              </value>
            </param>
          </params>
          <reporter-output>
          </reporter-output>
        </test-method> <!-- EmployeeDetails -->
        <test-method is-config="true" signature="takeScreenshotOnFailure(org.testng.ITestResult)[pri:0, instance:testcase.employeetest@6572421]" started-at="2023-12-08T21:15:47 IST" name="takeScreenshotOnFailure" finished-at="2023-12-08T21:15:47 IST" duration-ms="201" status="PASS">
          <params>
            <param index="0">
              <value>
                <![CDATA[[TestResult name=EmployeeDetails status=SUCCESS method=employeetest.EmployeeDetails(java.lang.String,java.lang.String,java.lang.String,java.lang.String,java.lang.String,java.lang.String,java.lang.String,java.lang.String,java.lang.String,java.lang.String,java.lang.String,java.lang.String,java.lang.String,java.lang.String,java.lang.String,java.lang.String,java.lang.String,java.lang.String,java.lang.String,java.lang.String,java.lang.String)[pri:0, instance:testcase.employeetest@6572421] output={null}]]]>
              </value>
            </param>
          </params>
          <reporter-output>
          </reporter-output>
        </test-method> <!-- takeScreenshotOnFailure -->
      </class> <!-- testcase.employeetest -->
    </test> <!-- Default test -->
  </suite> <!-- Default suite -->
</testng-results>
